<?xml version="1.0" encoding="UTF-8"?>
<testng-results skipped="0" failed="0" ignored="0" total="2" passed="2">
  <reporter-output>
  </reporter-output>
  <suite name="Default suite" duration-ms="18384" started-at="2019-02-06T18:38:19Z" finished-at="2019-02-06T18:38:37Z">
    <groups>
    </groups>
    <test name="Default test" duration-ms="18384" started-at="2019-02-06T18:38:19Z" finished-at="2019-02-06T18:38:37Z">
      <class name="TestRutSinc.TestRutSinc.AppTest">
        <test-method status="PASS" signature="SetearDriver()[pri:1, instance:TestRutSinc.TestRutSinc.AppTest@18be83e4]" name="SetearDriver" duration-ms="5484" started-at="2019-02-06T15:38:19Z" finished-at="2019-02-06T15:38:24Z">
          <reporter-output>
          </reporter-output>
        </test-method> <!-- SetearDriver -->
        <test-method status="PASS" signature="BuscarRegistro()[pri:2, instance:TestRutSinc.TestRutSinc.AppTest@18be83e4]" name="BuscarRegistro" duration-ms="12865" started-at="2019-02-06T15:38:24Z" finished-at="2019-02-06T15:38:37Z">
          <reporter-output>
          </reporter-output>
        </test-method> <!-- BuscarRegistro -->
      </class> <!-- TestRutSinc.TestRutSinc.AppTest -->
    </test> <!-- Default test -->
  </suite> <!-- Default suite -->
</testng-results>
